2018-01-26 10:13:37 CST ERROR com.alibaba.druid.support.logging.Log4j2Impl 53 error - merge sql error, dbType mysql, sql : 
INTERSECT INTO score (change_type,score)
        VALUES (?,?) com.alibaba.druid.sql.parser.ParserException: syntax error, error in :'INTERSECT INTO score (change_t',expect INTERSECT, actual INTERSECT INTERSECT
	at com.alibaba.druid.sql.parser.SQLParser.printError(SQLParser.java:239) ~[druid-1.0.26.jar:1.0.26]
	at com.alibaba.druid.sql.parser.SQLStatementParser.parseStatementList(SQLStatementParser.java:431) ~[druid-1.0.26.jar:1.0.26]
	at com.alibaba.druid.sql.parser.SQLStatementParser.parseStatementList(SQLStatementParser.java:148) ~[druid-1.0.26.jar:1.0.26]
	at com.alibaba.druid.sql.parser.SQLStatementParser.parseStatementList(SQLStatementParser.java:143) ~[druid-1.0.26.jar:1.0.26]
	at com.alibaba.druid.sql.visitor.ParameterizedOutputVisitorUtils.parameterize(ParameterizedOutputVisitorUtils.java:54) ~[druid-1.0.26.jar:1.0.26]
	at com.alibaba.druid.filter.stat.StatFilter.mergeSql(StatFilter.java:145) [druid-1.0.26.jar:1.0.26]
	at com.alibaba.druid.filter.stat.StatFilter.createSqlStat(StatFilter.java:630) [druid-1.0.26.jar:1.0.26]
	at com.alibaba.druid.filter.stat.StatFilter.statementPrepareAfter(StatFilter.java:305) [druid-1.0.26.jar:1.0.26]
	at com.alibaba.druid.filter.FilterEventAdapter.connection_prepareStatement(FilterEventAdapter.java:134) [druid-1.0.26.jar:1.0.26]
	at com.alibaba.druid.filter.FilterChainImpl.connection_prepareStatement(FilterChainImpl.java:459) [druid-1.0.26.jar:1.0.26]
	at com.alibaba.druid.proxy.jdbc.ConnectionProxyImpl.prepareStatement(ConnectionProxyImpl.java:350) [druid-1.0.26.jar:1.0.26]
	at com.alibaba.druid.pool.DruidPooledConnection.prepareStatement(DruidPooledConnection.java:498) [druid-1.0.26.jar:1.0.26]
	at sun.reflect.NativeMethodAccessorImpl.invoke0(Native Method) ~[?:1.7.0_17]
	at sun.reflect.NativeMethodAccessorImpl.invoke(NativeMethodAccessorImpl.java:57) ~[?:1.7.0_17]
	at sun.reflect.DelegatingMethodAccessorImpl.invoke(DelegatingMethodAccessorImpl.java:43) ~[?:1.7.0_17]
	at java.lang.reflect.Method.invoke(Method.java:601) ~[?:1.7.0_17]
	at org.apache.ibatis.logging.jdbc.ConnectionLogger.invoke(ConnectionLogger.java:54) [mybatis-3.2.8.jar:3.2.8]
	at com.sun.proxy.$Proxy48.prepareStatement(Unknown Source) [?:?]
	at org.apache.ibatis.executor.statement.PreparedStatementHandler.instantiateStatement(PreparedStatementHandler.java:68) [mybatis-3.2.8.jar:3.2.8]
	at org.apache.ibatis.executor.statement.BaseStatementHandler.prepare(BaseStatementHandler.java:85) [mybatis-3.2.8.jar:3.2.8]
	at org.apache.ibatis.executor.statement.RoutingStatementHandler.prepare(RoutingStatementHandler.java:57) [mybatis-3.2.8.jar:3.2.8]
	at org.apache.ibatis.executor.SimpleExecutor.prepareStatement(SimpleExecutor.java:73) [mybatis-3.2.8.jar:3.2.8]
	at org.apache.ibatis.executor.SimpleExecutor.doUpdate(SimpleExecutor.java:47) [mybatis-3.2.8.jar:3.2.8]
	at org.apache.ibatis.executor.BaseExecutor.update(BaseExecutor.java:105) [mybatis-3.2.8.jar:3.2.8]
	at org.apache.ibatis.executor.CachingExecutor.update(CachingExecutor.java:71) [mybatis-3.2.8.jar:3.2.8]
	at sun.reflect.NativeMethodAccessorImpl.invoke0(Native Method) ~[?:1.7.0_17]
	at sun.reflect.NativeMethodAccessorImpl.invoke(NativeMethodAccessorImpl.java:57) ~[?:1.7.0_17]
	at sun.reflect.DelegatingMethodAccessorImpl.invoke(DelegatingMethodAccessorImpl.java:43) ~[?:1.7.0_17]
	at java.lang.reflect.Method.invoke(Method.java:601) ~[?:1.7.0_17]
	at org.apache.ibatis.plugin.Plugin.invoke(Plugin.java:62) [mybatis-3.2.8.jar:3.2.8]
	at com.sun.proxy.$Proxy47.update(Unknown Source) [?:?]
	at org.apache.ibatis.session.defaults.DefaultSqlSession.update(DefaultSqlSession.java:152) [mybatis-3.2.8.jar:3.2.8]
	at org.apache.ibatis.session.defaults.DefaultSqlSession.insert(DefaultSqlSession.java:141) [mybatis-3.2.8.jar:3.2.8]
	at sun.reflect.NativeMethodAccessorImpl.invoke0(Native Method) ~[?:1.7.0_17]
	at sun.reflect.NativeMethodAccessorImpl.invoke(NativeMethodAccessorImpl.java:57) ~[?:1.7.0_17]
	at sun.reflect.DelegatingMethodAccessorImpl.invoke(DelegatingMethodAccessorImpl.java:43) ~[?:1.7.0_17]
	at java.lang.reflect.Method.invoke(Method.java:601) ~[?:1.7.0_17]
	at org.mybatis.spring.SqlSessionTemplate$SqlSessionInterceptor.invoke(SqlSessionTemplate.java:355) [mybatis-spring-1.1.1.jar:1.1.1]
	at com.sun.proxy.$Proxy31.insert(Unknown Source) [?:?]
	at org.mybatis.spring.SqlSessionTemplate.insert(SqlSessionTemplate.java:237) [mybatis-spring-1.1.1.jar:1.1.1]
	at org.apache.ibatis.binding.MapperMethod.execute(MapperMethod.java:51) [mybatis-3.2.8.jar:3.2.8]
	at org.apache.ibatis.binding.MapperProxy.invoke(MapperProxy.java:52) [mybatis-3.2.8.jar:3.2.8]
	at com.sun.proxy.$Proxy44.insertScore(Unknown Source) [?:?]
	at MyBatisTest.testAddScore(MyBatisTest.java:23) [test-classes/:?]
	at sun.reflect.NativeMethodAccessorImpl.invoke0(Native Method) ~[?:1.7.0_17]
	at sun.reflect.NativeMethodAccessorImpl.invoke(NativeMethodAccessorImpl.java:57) ~[?:1.7.0_17]
	at sun.reflect.DelegatingMethodAccessorImpl.invoke(DelegatingMethodAccessorImpl.java:43) ~[?:1.7.0_17]
	at java.lang.reflect.Method.invoke(Method.java:601) ~[?:1.7.0_17]
	at org.junit.runners.model.FrameworkMethod$1.runReflectiveCall(FrameworkMethod.java:47) [junit-4.11.jar:?]
	at org.junit.internal.runners.model.ReflectiveCallable.run(ReflectiveCallable.java:12) [junit-4.11.jar:?]
	at org.junit.runners.model.FrameworkMethod.invokeExplosively(FrameworkMethod.java:44) [junit-4.11.jar:?]
	at org.junit.internal.runners.statements.InvokeMethod.evaluate(InvokeMethod.java:17) [junit-4.11.jar:?]
	at org.springframework.test.context.junit4.statements.RunBeforeTestMethodCallbacks.evaluate(RunBeforeTestMethodCallbacks.java:74) [spring-test-4.2.0.RELEASE.jar:4.2.0.RELEASE]
	at org.springframework.test.context.junit4.statements.RunAfterTestMethodCallbacks.evaluate(RunAfterTestMethodCallbacks.java:85) [spring-test-4.2.0.RELEASE.jar:4.2.0.RELEASE]
	at org.springframework.test.context.junit4.statements.SpringRepeat.evaluate(SpringRepeat.java:86) [spring-test-4.2.0.RELEASE.jar:4.2.0.RELEASE]
	at org.junit.runners.ParentRunner.runLeaf(ParentRunner.java:271) [junit-4.11.jar:?]
	at org.springframework.test.context.junit4.SpringJUnit4ClassRunner.runChild(SpringJUnit4ClassRunner.java:241) [spring-test-4.2.0.RELEASE.jar:4.2.0.RELEASE]
	at org.springframework.test.context.junit4.SpringJUnit4ClassRunner.runChild(SpringJUnit4ClassRunner.java:87) [spring-test-4.2.0.RELEASE.jar:4.2.0.RELEASE]
	at org.junit.runners.ParentRunner$3.run(ParentRunner.java:238) [junit-4.11.jar:?]
	at org.junit.runners.ParentRunner$1.schedule(ParentRunner.java:63) [junit-4.11.jar:?]
	at org.junit.runners.ParentRunner.runChildren(ParentRunner.java:236) [junit-4.11.jar:?]
	at org.junit.runners.ParentRunner.access$000(ParentRunner.java:53) [junit-4.11.jar:?]
	at org.junit.runners.ParentRunner$2.evaluate(ParentRunner.java:229) [junit-4.11.jar:?]
	at org.springframework.test.context.junit4.statements.RunBeforeTestClassCallbacks.evaluate(RunBeforeTestClassCallbacks.java:61) [spring-test-4.2.0.RELEASE.jar:4.2.0.RELEASE]
	at org.springframework.test.context.junit4.statements.RunAfterTestClassCallbacks.evaluate(RunAfterTestClassCallbacks.java:70) [spring-test-4.2.0.RELEASE.jar:4.2.0.RELEASE]
	at org.junit.runners.ParentRunner.run(ParentRunner.java:309) [junit-4.11.jar:?]
	at org.springframework.test.context.junit4.SpringJUnit4ClassRunner.run(SpringJUnit4ClassRunner.java:180) [spring-test-4.2.0.RELEASE.jar:4.2.0.RELEASE]
	at org.junit.runner.JUnitCore.run(JUnitCore.java:160) [junit-4.11.jar:?]
	at com.intellij.junit4.JUnit4IdeaTestRunner.startRunnerWithArgs(JUnit4IdeaTestRunner.java:117) [junit-rt.jar:?]
	at com.intellij.junit4.JUnit4IdeaTestRunner.startRunnerWithArgs(JUnit4IdeaTestRunner.java:42) [junit-rt.jar:?]
	at com.intellij.rt.execution.junit.JUnitStarter.prepareStreamsAndStart(JUnitStarter.java:262) [junit-rt.jar:?]
	at com.intellij.rt.execution.junit.JUnitStarter.main(JUnitStarter.java:84) [junit-rt.jar:?]

